  CCompAnimEditor.cpp
c:\program files (x86)\microsoft directx sdk (june 2010)\include\dxgitype.h(12): warning C4005: 'DXGI_STATUS_OCCLUDED': macro redefinition
  c:\program files (x86)\windows kits\8.1\include\shared\winerror.h(50092): note: see previous definition of 'DXGI_STATUS_OCCLUDED'
c:\program files (x86)\microsoft directx sdk (june 2010)\include\dxgitype.h(13): warning C4005: 'DXGI_STATUS_CLIPPED': macro redefinition
  c:\program files (x86)\windows kits\8.1\include\shared\winerror.h(50101): note: see previous definition of 'DXGI_STATUS_CLIPPED'
c:\program files (x86)\microsoft directx sdk (june 2010)\include\dxgitype.h(14): warning C4005: 'DXGI_STATUS_NO_REDIRECTION': macro redefinition
  c:\program files (x86)\windows kits\8.1\include\shared\winerror.h(50110): note: see previous definition of 'DXGI_STATUS_NO_REDIRECTION'
c:\program files (x86)\microsoft directx sdk (june 2010)\include\dxgitype.h(15): warning C4005: 'DXGI_STATUS_NO_DESKTOP_ACCESS': macro redefinition
  c:\program files (x86)\windows kits\8.1\include\shared\winerror.h(50119): note: see previous definition of 'DXGI_STATUS_NO_DESKTOP_ACCESS'
c:\program files (x86)\microsoft directx sdk (june 2010)\include\dxgitype.h(16): warning C4005: 'DXGI_STATUS_GRAPHICS_VIDPN_SOURCE_IN_USE': macro redefinition
  c:\program files (x86)\windows kits\8.1\include\shared\winerror.h(50128): note: see previous definition of 'DXGI_STATUS_GRAPHICS_VIDPN_SOURCE_IN_USE'
c:\program files (x86)\microsoft directx sdk (june 2010)\include\dxgitype.h(17): warning C4005: 'DXGI_STATUS_MODE_CHANGED': macro redefinition
  c:\program files (x86)\windows kits\8.1\include\shared\winerror.h(50137): note: see previous definition of 'DXGI_STATUS_MODE_CHANGED'
c:\program files (x86)\microsoft directx sdk (june 2010)\include\dxgitype.h(18): warning C4005: 'DXGI_STATUS_MODE_CHANGE_IN_PROGRESS': macro redefinition
  c:\program files (x86)\windows kits\8.1\include\shared\winerror.h(50146): note: see previous definition of 'DXGI_STATUS_MODE_CHANGE_IN_PROGRESS'
c:\program files (x86)\microsoft directx sdk (june 2010)\include\dxgitype.h(21): warning C4005: 'DXGI_ERROR_INVALID_CALL': macro redefinition
  c:\program files (x86)\windows kits\8.1\include\shared\winerror.h(50161): note: see previous definition of 'DXGI_ERROR_INVALID_CALL'
c:\program files (x86)\microsoft directx sdk (june 2010)\include\dxgitype.h(22): warning C4005: 'DXGI_ERROR_NOT_FOUND': macro redefinition
  c:\program files (x86)\windows kits\8.1\include\shared\winerror.h(50170): note: see previous definition of 'DXGI_ERROR_NOT_FOUND'
c:\program files (x86)\microsoft directx sdk (june 2010)\include\dxgitype.h(23): warning C4005: 'DXGI_ERROR_MORE_DATA': macro redefinition
  c:\program files (x86)\windows kits\8.1\include\shared\winerror.h(50179): note: see previous definition of 'DXGI_ERROR_MORE_DATA'
c:\program files (x86)\microsoft directx sdk (june 2010)\include\dxgitype.h(24): warning C4005: 'DXGI_ERROR_UNSUPPORTED': macro redefinition
  c:\program files (x86)\windows kits\8.1\include\shared\winerror.h(50188): note: see previous definition of 'DXGI_ERROR_UNSUPPORTED'
c:\program files (x86)\microsoft directx sdk (june 2010)\include\dxgitype.h(25): warning C4005: 'DXGI_ERROR_DEVICE_REMOVED': macro redefinition
  c:\program files (x86)\windows kits\8.1\include\shared\winerror.h(50197): note: see previous definition of 'DXGI_ERROR_DEVICE_REMOVED'
c:\program files (x86)\microsoft directx sdk (june 2010)\include\dxgitype.h(26): warning C4005: 'DXGI_ERROR_DEVICE_HUNG': macro redefinition
  c:\program files (x86)\windows kits\8.1\include\shared\winerror.h(50206): note: see previous definition of 'DXGI_ERROR_DEVICE_HUNG'
c:\program files (x86)\microsoft directx sdk (june 2010)\include\dxgitype.h(27): warning C4005: 'DXGI_ERROR_DEVICE_RESET': macro redefinition
  c:\program files (x86)\windows kits\8.1\include\shared\winerror.h(50216): note: see previous definition of 'DXGI_ERROR_DEVICE_RESET'
c:\program files (x86)\microsoft directx sdk (june 2010)\include\dxgitype.h(28): warning C4005: 'DXGI_ERROR_WAS_STILL_DRAWING': macro redefinition
  c:\program files (x86)\windows kits\8.1\include\shared\winerror.h(50225): note: see previous definition of 'DXGI_ERROR_WAS_STILL_DRAWING'
c:\program files (x86)\microsoft directx sdk (june 2010)\include\dxgitype.h(29): warning C4005: 'DXGI_ERROR_FRAME_STATISTICS_DISJOINT': macro redefinition
  c:\program files (x86)\windows kits\8.1\include\shared\winerror.h(50235): note: see previous definition of 'DXGI_ERROR_FRAME_STATISTICS_DISJOINT'
c:\program files (x86)\microsoft directx sdk (june 2010)\include\dxgitype.h(30): warning C4005: 'DXGI_ERROR_GRAPHICS_VIDPN_SOURCE_IN_USE': macro redefinition
  c:\program files (x86)\windows kits\8.1\include\shared\winerror.h(50244): note: see previous definition of 'DXGI_ERROR_GRAPHICS_VIDPN_SOURCE_IN_USE'
c:\program files (x86)\microsoft directx sdk (june 2010)\include\dxgitype.h(31): warning C4005: 'DXGI_ERROR_DRIVER_INTERNAL_ERROR': macro redefinition
  c:\program files (x86)\windows kits\8.1\include\shared\winerror.h(50254): note: see previous definition of 'DXGI_ERROR_DRIVER_INTERNAL_ERROR'
c:\program files (x86)\microsoft directx sdk (june 2010)\include\dxgitype.h(32): warning C4005: 'DXGI_ERROR_NONEXCLUSIVE': macro redefinition
  c:\program files (x86)\windows kits\8.1\include\shared\winerror.h(50263): note: see previous definition of 'DXGI_ERROR_NONEXCLUSIVE'
c:\program files (x86)\microsoft directx sdk (june 2010)\include\dxgitype.h(33): warning C4005: 'DXGI_ERROR_NOT_CURRENTLY_AVAILABLE': macro redefinition
  c:\program files (x86)\windows kits\8.1\include\shared\winerror.h(50272): note: see previous definition of 'DXGI_ERROR_NOT_CURRENTLY_AVAILABLE'
c:\program files (x86)\microsoft directx sdk (june 2010)\include\dxgitype.h(34): warning C4005: 'DXGI_ERROR_REMOTE_CLIENT_DISCONNECTED': macro redefinition
  c:\program files (x86)\windows kits\8.1\include\shared\winerror.h(50282): note: see previous definition of 'DXGI_ERROR_REMOTE_CLIENT_DISCONNECTED'
c:\program files (x86)\microsoft directx sdk (june 2010)\include\dxgitype.h(35): warning C4005: 'DXGI_ERROR_REMOTE_OUTOFMEMORY': macro redefinition
  c:\program files (x86)\windows kits\8.1\include\shared\winerror.h(50291): note: see previous definition of 'DXGI_ERROR_REMOTE_OUTOFMEMORY'
c:\program files (x86)\microsoft directx sdk (june 2010)\include\d3d11.h(917): warning C4005: 'D3D11_ERROR_TOO_MANY_UNIQUE_STATE_OBJECTS': macro redefinition
  c:\program files (x86)\windows kits\8.1\include\shared\winerror.h(50469): note: see previous definition of 'D3D11_ERROR_TOO_MANY_UNIQUE_STATE_OBJECTS'
c:\program files (x86)\microsoft directx sdk (june 2010)\include\d3d11.h(918): warning C4005: 'D3D11_ERROR_FILE_NOT_FOUND': macro redefinition
  c:\program files (x86)\windows kits\8.1\include\shared\winerror.h(50478): note: see previous definition of 'D3D11_ERROR_FILE_NOT_FOUND'
c:\program files (x86)\microsoft directx sdk (june 2010)\include\d3d11.h(919): warning C4005: 'D3D11_ERROR_TOO_MANY_UNIQUE_VIEW_OBJECTS': macro redefinition
  c:\program files (x86)\windows kits\8.1\include\shared\winerror.h(50488): note: see previous definition of 'D3D11_ERROR_TOO_MANY_UNIQUE_VIEW_OBJECTS'
c:\program files (x86)\microsoft directx sdk (june 2010)\include\d3d11.h(920): warning C4005: 'D3D11_ERROR_DEFERRED_CONTEXT_MAP_WITHOUT_INITIAL_DISCARD': macro redefinition
  c:\program files (x86)\windows kits\8.1\include\shared\winerror.h(50497): note: see previous definition of 'D3D11_ERROR_DEFERRED_CONTEXT_MAP_WITHOUT_INITIAL_DISCARD'
c:\program files (x86)\microsoft directx sdk (june 2010)\include\d3d10.h(608): warning C4005: 'D3D10_ERROR_TOO_MANY_UNIQUE_STATE_OBJECTS': macro redefinition
  c:\program files (x86)\windows kits\8.1\include\shared\winerror.h(50445): note: see previous definition of 'D3D10_ERROR_TOO_MANY_UNIQUE_STATE_OBJECTS'
c:\program files (x86)\microsoft directx sdk (june 2010)\include\d3d10.h(609): warning C4005: 'D3D10_ERROR_FILE_NOT_FOUND': macro redefinition
  c:\program files (x86)\windows kits\8.1\include\shared\winerror.h(50454): note: see previous definition of 'D3D10_ERROR_FILE_NOT_FOUND'
c:\users\mick\documents\programming projects\animator\animator\_src\cshaderorthographic.h(1): warning C4067: unexpected tokens following preprocessor directive - expected a newline
c:\users\mick\documents\programming projects\animator\animator\_src\cshader.h(1): warning C4067: unexpected tokens following preprocessor directive - expected a newline
c:\users\mick\documents\programming projects\animator\animator\_src\cgameobjectlist.h(1): warning C4067: unexpected tokens following preprocessor directive - expected a newline
c:\users\mick\documents\programming projects\animator\animator\_src\ccompanimeditor.cpp(23): warning C4244: '=': conversion from 'float' to 'LONG', possible loss of data
c:\users\mick\documents\programming projects\animator\animator\_src\ccompanimeditor.cpp(25): warning C4244: '=': conversion from 'float' to 'LONG', possible loss of data
c:\users\mick\documents\programming projects\animator\animator\_src\ccompanimeditor.cpp(29): warning C4244: '+=': conversion from 'float' to 'LONG', possible loss of data
c:\users\mick\documents\programming projects\animator\animator\_src\ccompanimeditor.cpp(30): warning C4244: '=': conversion from 'float' to 'LONG', possible loss of data
c:\users\mick\documents\programming projects\animator\animator\_src\ccompanimeditor.cpp(31): warning C4244: '=': conversion from 'float' to 'LONG', possible loss of data
c:\users\mick\documents\programming projects\animator\animator\_src\ccompanimeditor.cpp(32): warning C4244: '=': conversion from 'float' to 'LONG', possible loss of data
c:\users\mick\documents\programming projects\animator\animator\_src\ccompanimeditor.cpp(49): warning C4244: '=': conversion from 'float' to 'LONG', possible loss of data
c:\users\mick\documents\programming projects\animator\animator\_src\ccompanimeditor.cpp(54): warning C4244: '=': conversion from 'float' to 'LONG', possible loss of data
c:\users\mick\documents\programming projects\animator\animator\_src\ccompanimeditor.cpp(55): warning C4244: '=': conversion from 'float' to 'LONG', possible loss of data
c:\users\mick\documents\programming projects\animator\animator\_src\ccompanimeditor.cpp(60): warning C4244: '+=': conversion from 'float' to 'LONG', possible loss of data
c:\users\mick\documents\programming projects\animator\animator\_src\ccompanimeditor.cpp(60): warning C4244: '=': conversion from 'float' to 'LONG', possible loss of data
c:\users\mick\documents\programming projects\animator\animator\_src\ccompanimeditor.cpp(65): warning C4244: '=': conversion from 'float' to 'LONG', possible loss of data
c:\users\mick\documents\programming projects\animator\animator\_src\ccompanimeditor.cpp(70): warning C4244: '+=': conversion from 'float' to 'LONG', possible loss of data
c:\users\mick\documents\programming projects\animator\animator\_src\ccompanimeditor.cpp(70): warning C4244: '=': conversion from 'float' to 'LONG', possible loss of data
c:\users\mick\documents\programming projects\animator\animator\_src\ccompanimeditor.cpp(75): warning C4244: '=': conversion from 'float' to 'LONG', possible loss of data
c:\users\mick\documents\programming projects\animator\animator\_src\ccompanimeditor.cpp(80): warning C4244: '=': conversion from 'float' to 'LONG', possible loss of data
c:\users\mick\documents\programming projects\animator\animator\_src\ccompanimeditor.cpp(93): warning C4244: '=': conversion from 'float' to 'LONG', possible loss of data
c:\users\mick\documents\programming projects\animator\animator\_src\ccompanimeditor.cpp(94): warning C4244: '=': conversion from 'float' to 'LONG', possible loss of data
c:\users\mick\documents\programming projects\animator\animator\_src\ccompanimeditor.cpp(101): warning C4244: '=': conversion from 'float' to 'LONG', possible loss of data
c:\users\mick\documents\programming projects\animator\animator\_src\ccompanimeditor.cpp(103): warning C4244: '=': conversion from 'float' to 'LONG', possible loss of data
c:\users\mick\documents\programming projects\animator\animator\_src\ccompanimeditor.cpp(104): warning C4244: '=': conversion from 'float' to 'LONG', possible loss of data
c:\users\mick\documents\programming projects\animator\animator\_src\ccompanimeditor.cpp(121): warning C4244: '=': conversion from 'float' to 'LONG', possible loss of data
c:\users\mick\documents\programming projects\animator\animator\_src\ccompanimeditor.cpp(126): warning C4244: '=': conversion from 'float' to 'LONG', possible loss of data
c:\users\mick\documents\programming projects\animator\animator\_src\ccompanimeditor.cpp(131): warning C4244: '=': conversion from 'float' to 'LONG', possible loss of data
c:\users\mick\documents\programming projects\animator\animator\_src\ccompanimeditor.cpp(132): warning C4244: '=': conversion from 'float' to 'LONG', possible loss of data
c:\users\mick\documents\programming projects\animator\animator\_src\ccompanimeditor.cpp(133): warning C4244: '=': conversion from 'float' to 'LONG', possible loss of data
c:\users\mick\documents\programming projects\animator\animator\_src\ccompanimeditor.cpp(172): warning C4244: 'argument': conversion from 'double' to 'float', possible loss of data
c:\users\mick\documents\programming projects\animator\animator\_src\ccompanimeditor.cpp(186): warning C4244: 'argument': conversion from 'double' to 'float', possible loss of data
c:\users\mick\documents\programming projects\animator\animator\_src\ccompanimeditor.cpp(214): warning C4244: '=': conversion from 'double' to 'float', possible loss of data
c:\users\mick\documents\programming projects\animator\animator\_src\ccompanimeditor.cpp(231): warning C4244: '=': conversion from 'double' to 'float', possible loss of data
c:\users\mick\documents\programming projects\animator\animator\_src\ccompanimeditor.cpp(312): warning C4305: '-=': truncation from 'double' to 'float'
c:\users\mick\documents\programming projects\animator\animator\_src\ccompanimeditor.cpp(319): warning C4305: '+=': truncation from 'double' to 'float'
c:\users\mick\documents\programming projects\animator\animator\_src\ccompanimeditor.cpp(365): warning C4244: 'argument': conversion from 'float' to 'int', possible loss of data
c:\users\mick\documents\programming projects\animator\animator\_src\ccompanimeditor.cpp(629): warning C4101: 'hWnd': unreferenced local variable
c:\users\mick\documents\programming projects\animator\animator\_src\ccompanimeditor.cpp(630): warning C4101: 'hf': unreferenced local variable
c:\users\mick\documents\programming projects\animator\animator\_src\ccompanimeditor.cpp(665): warning C4101: 'hWnd': unreferenced local variable
c:\users\mick\documents\programming projects\animator\animator\_src\ccompanimeditor.cpp(666): warning C4101: 'hf': unreferenced local variable
  Animator.vcxproj -> C:\Users\Mick\Documents\Programming Projects\Animator\Debug\Animator.exe
  Animator.vcxproj -> C:\Users\Mick\Documents\Programming Projects\Animator\Debug\Animator.pdb (Full PDB)
